2018-10-10 00:20:44.634  INFO 14664 --- [main] c.w.o.raspberry.RaspberryApplication     : Starting RaspberryApplication on y-nakata-vaioz with PID 14664 (C:\Users\y-nakata\dev\WakameWatcher\raspberry\build\classes\java\main started by y-nakata in C:\Users\y-nakata\dev\WakameWatcher\raspberry)
2018-10-10 00:20:44.639  INFO 14664 --- [main] c.w.o.raspberry.RaspberryApplication     : No active profile set, falling back to default profiles: default
2018-10-10 00:20:44.716  INFO 14664 --- [main] ConfigServletWebServerApplicationContext : Refreshing org.springframework.boot.web.servlet.context.AnnotationConfigServletWebServerApplicationContext@4445629: startup date [Wed Oct 10 00:20:44 JST 2018]; root of context hierarchy
2018-10-10 00:20:46.821  INFO 14664 --- [main] o.s.b.w.embedded.tomcat.TomcatWebServer  : Tomcat initialized with port(s): 8080 (http)
2018-10-10 00:20:46.863  INFO 14664 --- [main] o.apache.catalina.core.StandardService   : Starting service [Tomcat]
2018-10-10 00:20:46.864  INFO 14664 --- [main] org.apache.catalina.core.StandardEngine  : Starting Servlet Engine: Apache Tomcat/8.5.34
2018-10-10 00:20:46.881  INFO 14664 --- [localhost-startStop-1] o.a.catalina.core.AprLifecycleListener   : The APR based Apache Tomcat Native library which allows optimal performance in production environments was not found on the java.library.path: [C:\Program Files\Java\jdk1.8.0_181\bin;C:\WINDOWS\Sun\Java\bin;C:\WINDOWS\system32;C:\WINDOWS;C:\Python37\Scripts\;C:\Python37\;C:\Program Files (x86)\Common Files\Oracle\Java\javapath;C:\Program Files\Microsoft MPI\Bin\;C:\ProgramData\Oracle\Java\javapath;C:\Program Files (x86)\Intel\iCLS Client\;C:\Program Files\Intel\iCLS Client\;C:\Windows\system32;C:\Windows;C:\Windows\System32\Wbem;C:\Windows\System32\WindowsPowerShell\v1.0\;C:\Program Files\Intel\Intel(R) Management Engine Components\DAL;C:\Program Files (x86)\Intel\Intel(R) Management Engine Components\DAL;C:\Program Files\Intel\Intel(R) Management Engine Components\IPT;C:\Program Files (x86)\Intel\Intel(R) Management Engine Components\IPT;C:\Program Files\Intel\WiFi\bin\;C:\Program Files\Common Files\Intel\WirelessCommon\;C:\cygwin64\bin;C:\Python34;C:\w32tex\bin;C:\Program Files (x86)\SumatraPDF;C:\Python34\Scripts;C:\cygwin64;C:\WINDOWS\system32;C:\WINDOWS;C:\WINDOWS\System32\Wbem;C:\WINDOWS\System32\WindowsPowerShell\v1.0\;C:\Users\y-nakata\AppData\Local\emacs-24.5-bin-i686-mingw32\bin;C:\Users\y-nakata\.cask\bin;C:\Program Files\Java\jdk1.8.0_111\bin;C:\HashiCorp\Vagrant\bin;C:\Program Files\Microsoft SQL Server\130\Tools\Binn\;C:\Program Files\dotnet\;C:\WINDOWS\System32\OpenSSH\;C:\Go\bin;C:\ProgramData\chocolatey\bin;C:\Program Files\Java\jdk1.8.0_181\bin;C:\Program Files\Git\cmd;C:\Program Files\nodejs\;C:\Program Files\nodejs\;C:\Users\y-nakata\emacs\bin;C:\Users\y-nakata\AppData\Local\Microsoft\WindowsApps;C:\Users\y-nakata\AppData\Local\atom;C:\Users\y-nakata\go\bin;C:\Python27;C:\Python27\Scripts;C:\Users\y-nakata\go\bin;C:\Users\y-nakata\.kube;C:\Users\y-nakata\AppData\Local\Programs\Microsoft VS Code\bin;C:\Users\y-nakata\AppData\Roaming\npm;.]
2018-10-10 00:20:47.062  INFO 14664 --- [localhost-startStop-1] o.a.c.c.C.[Tomcat].[localhost].[/]       : Initializing Spring embedded WebApplicationContext
2018-10-10 00:20:47.064  INFO 14664 --- [localhost-startStop-1] o.s.web.context.ContextLoader            : Root WebApplicationContext: initialization completed in 2347 ms
2018-10-10 00:20:47.152  INFO 14664 --- [localhost-startStop-1] o.s.b.w.servlet.ServletRegistrationBean  : Servlet dispatcherServlet mapped to [/]
2018-10-10 00:20:47.156  INFO 14664 --- [localhost-startStop-1] o.s.b.w.servlet.FilterRegistrationBean   : Mapping filter: 'characterEncodingFilter' to: [/*]
2018-10-10 00:20:47.157  INFO 14664 --- [localhost-startStop-1] o.s.b.w.servlet.FilterRegistrationBean   : Mapping filter: 'hiddenHttpMethodFilter' to: [/*]
2018-10-10 00:20:47.158  INFO 14664 --- [localhost-startStop-1] o.s.b.w.servlet.FilterRegistrationBean   : Mapping filter: 'httpPutFormContentFilter' to: [/*]
2018-10-10 00:20:47.158  INFO 14664 --- [localhost-startStop-1] o.s.b.w.servlet.FilterRegistrationBean   : Mapping filter: 'requestContextFilter' to: [/*]
2018-10-10 00:20:47.357  INFO 14664 --- [main] o.s.w.s.handler.SimpleUrlHandlerMapping  : Mapped URL path [/**/favicon.ico] onto handler of type [class org.springframework.web.servlet.resource.ResourceHttpRequestHandler]
2018-10-10 00:20:47.604  INFO 14664 --- [main] s.w.s.m.m.a.RequestMappingHandlerAdapter : Looking for @ControllerAdvice: org.springframework.boot.web.servlet.context.AnnotationConfigServletWebServerApplicationContext@4445629: startup date [Wed Oct 10 00:20:44 JST 2018]; root of context hierarchy
2018-10-10 00:20:47.721  INFO 14664 --- [main] s.w.s.m.m.a.RequestMappingHandlerMapping : Mapped "{[/api/v1/observer/start],methods=[GET]}" onto public java.lang.String com.wakame.observer.raspberry.controller.ObserverController.start()
2018-10-10 00:20:47.729  INFO 14664 --- [main] s.w.s.m.m.a.RequestMappingHandlerMapping : Mapped "{[/error]}" onto public org.springframework.http.ResponseEntity<java.util.Map<java.lang.String, java.lang.Object>> org.springframework.boot.autoconfigure.web.servlet.error.BasicErrorController.error(javax.servlet.http.HttpServletRequest)
2018-10-10 00:20:47.731  INFO 14664 --- [main] s.w.s.m.m.a.RequestMappingHandlerMapping : Mapped "{[/error],produces=[text/html]}" onto public org.springframework.web.servlet.ModelAndView org.springframework.boot.autoconfigure.web.servlet.error.BasicErrorController.errorHtml(javax.servlet.http.HttpServletRequest,javax.servlet.http.HttpServletResponse)
2018-10-10 00:20:47.768  INFO 14664 --- [main] o.s.w.s.handler.SimpleUrlHandlerMapping  : Mapped URL path [/webjars/**] onto handler of type [class org.springframework.web.servlet.resource.ResourceHttpRequestHandler]
2018-10-10 00:20:47.769  INFO 14664 --- [main] o.s.w.s.handler.SimpleUrlHandlerMapping  : Mapped URL path [/**] onto handler of type [class org.springframework.web.servlet.resource.ResourceHttpRequestHandler]
2018-10-10 00:20:47.962  INFO 14664 --- [main] o.s.j.e.a.AnnotationMBeanExporter        : Registering beans for JMX exposure on startup
2018-10-10 00:20:48.018  INFO 14664 --- [main] o.s.b.w.embedded.tomcat.TomcatWebServer  : Tomcat started on port(s): 8080 (http) with context path ''
2018-10-10 00:20:48.025  INFO 14664 --- [main] c.w.o.raspberry.RaspberryApplication     : Started RaspberryApplication in 4.009 seconds (JVM running for 4.622)
2018-10-10 00:20:51.577  INFO 14664 --- [http-nio-8080-exec-1] o.a.c.c.C.[Tomcat].[localhost].[/]       : Initializing Spring FrameworkServlet 'dispatcherServlet'
2018-10-10 00:20:51.578  INFO 14664 --- [http-nio-8080-exec-1] o.s.web.servlet.DispatcherServlet        : FrameworkServlet 'dispatcherServlet': initialization started
2018-10-10 00:20:51.597  INFO 14664 --- [http-nio-8080-exec-1] o.s.web.servlet.DispatcherServlet        : FrameworkServlet 'dispatcherServlet': initialization completed in 19 ms
2018-10-10 00:20:52.032  INFO 14664 --- [http-nio-8080-exec-1] c.w.o.r.i.messaging.awsiot.AWSIoTSender  : Initialized AWS IoT client
2018-10-10 00:20:52.349  INFO 14664 --- [pool-1-thread-1] c.a.s.iot.client.core.AwsIotConnection   : Connection successfully established
2018-10-10 00:20:52.351  INFO 14664 --- [pool-1-thread-1] c.a.s.i.c.core.AbstractAwsIotClient      : Client connection active: sdk-java
2018-10-10 00:20:52.352  INFO 14664 --- [http-nio-8080-exec-1] c.w.o.r.i.messaging.awsiot.AWSIoTSender  : Success connecting to your Thing of AWS IoT
2018-10-10 00:20:55.812  INFO 14664 --- [pool-1-thread-1] c.a.s.iot.client.core.AwsIotConnection   : Connection temporarily lost
2018-10-10 00:20:55.814  INFO 14664 --- [pool-1-thread-1] c.a.s.i.c.core.AbstractAwsIotClient      : Client connection lost: sdk-java
2018-10-10 00:20:58.846  INFO 14664 --- [pool-1-thread-1] c.a.s.iot.client.core.AwsIotConnection   : Connection is being retried
2018-10-10 00:20:59.228  INFO 14664 --- [pool-1-thread-1] c.a.s.iot.client.core.AwsIotConnection   : Connection successfully established
2018-10-10 00:20:59.229  INFO 14664 --- [pool-1-thread-1] c.a.s.i.c.core.AbstractAwsIotClient      : Client connection active: sdk-java
